<?xml version="1.0" encoding="UTF-8"?>
<!-- Generated by org.testng.reporters.JUnitXMLReporter -->
<testsuite hostname="KH014104" ignored="7" name="Default test" tests="2" failures="0" timestamp="13 Dec 2019 16:08:10 GMT" time="3.475" errors="0">
  <testcase name="TC008_GETDATAFROMEXCEL" time="1.983" classname="com.qa.rest.api.test.TC01GETReq"/>
  <testcase name="TC008_GETDATAFROMEXCEL" time="0.346" classname="com.qa.rest.api.test.TC01GETReq"/>
  <testcase name="TC004_GETREQUESTPRINTALLHEADERS" time="0.0" classname="com.qa.rest.api.test.TC01GETReq">
    <ignored/>
  </testcase> <!-- TC004_GETREQUESTPRINTALLHEADERS -->
  <testcase name="TC006_GETREQUESTEXTRACTRESPONSEBODYVALUES" time="0.0" classname="com.qa.rest.api.test.TC01GETReq">
    <ignored/>
  </testcase> <!-- TC006_GETREQUESTEXTRACTRESPONSEBODYVALUES -->
  <testcase name="getWeatherCondition" time="0.0" classname="com.qa.rest.api.test.TC01GETReq">
    <ignored/>
  </testcase> <!-- getWeatherCondition -->
  <testcase name="TC002_POSTREQUEST" time="0.0" classname="com.qa.rest.api.test.TC01GETReq">
    <ignored/>
  </testcase> <!-- TC002_POSTREQUEST -->
  <testcase name="TC005_GETREQUESTVALIDATARESPONSEBODY" time="0.0" classname="com.qa.rest.api.test.TC01GETReq">
    <ignored/>
  </testcase> <!-- TC005_GETREQUESTVALIDATARESPONSEBODY -->
  <testcase name="TC007_GETAUTHENTICATIONREQUEST" time="0.0" classname="com.qa.rest.api.test.TC01GETReq">
    <ignored/>
  </testcase> <!-- TC007_GETAUTHENTICATIONREQUEST -->
  <testcase name="TC003_GETREQUESTVALIDHEADERS" time="0.0" classname="com.qa.rest.api.test.TC01GETReq">
    <ignored/>
  </testcase> <!-- TC003_GETREQUESTVALIDHEADERS -->
</testsuite> <!-- Default test -->
